[ 2024-07-29 13:49:46,549 ] 36 root - INFO - Starting data ingestion
[ 2024-07-29 13:49:46,599 ] 32 root - INFO - Exporting data from mongodb to feature store
[ 2024-07-29 13:49:46,599 ] 18 root - INFO - Retrieved MongoDB URL: mongodb+srv://kelkarork0308:jairamjiki@cluster0.7ydepdv.mongodb.net/?retryWrites=true&w=majority&appName=Cluster0
[ 2024-07-29 14:00:06,710 ] 60 root - INFO - Performed train test split on the dataframe
[ 2024-07-29 14:00:06,712 ] 62 root - INFO - Exited split_data_as_train_test method of Data_Ingestion class
[ 2024-07-29 14:00:06,712 ] 70 root - INFO - Exporting train and test file path.
[ 2024-07-29 14:00:12,512 ] 80 root - INFO - Exported train and test file path.
[ 2024-07-29 14:00:12,591 ] 42 root - INFO - Data ingestion completed and artifact: DataIngestionArtifact(trained_file_path='artifact\\07_29_2024_13_49_46\\data_ingestion\\ingested\\train.csv', test_file_path='artifact\\07_29_2024_13_49_46\\data_ingestion\\ingested\\test.csv')
[ 2024-07-29 14:00:13,594 ] 35 root - INFO - Required number of columns: 164
[ 2024-07-29 14:00:13,594 ] 36 root - INFO - Data frame has columns: 164
[ 2024-07-29 14:00:13,594 ] 35 root - INFO - Required number of columns: 164
[ 2024-07-29 14:00:13,594 ] 36 root - INFO - Data frame has columns: 164
[ 2024-07-29 14:00:13,594 ] 57 root - INFO - Missing numerical columns: [[]]
[ 2024-07-29 14:00:13,595 ] 57 root - INFO - Missing numerical columns: [[]]
[ 2024-07-29 14:00:13,885 ] 148 root - INFO - Data validation artifact: DataValidationArtifact(validation_status=False, valid_train_file_path='artifact\\07_29_2024_13_49_46\\data_ingestion\\ingested\\train.csv', valid_test_file_path='artifact\\07_29_2024_13_49_46\\data_ingestion\\ingested\\test.csv', invalid_train_file_path=None, invalid_test_file_path=None, drift_report_file_path='artifact\\07_29_2024_13_49_46\\data_validation\\drift_report\\report.yaml')
[ 2024-07-29 14:00:30,459 ] 67 root - INFO - Entered the save_object method of MainUtils class
[ 2024-07-29 14:00:30,478 ] 71 root - INFO - Exited the save_object method of MainUtils class
[ 2024-07-29 14:00:30,479 ] 137 root - INFO - Data transformation artifact: DataTransformationArtifact(transformed_object_file_path='artifact\\07_29_2024_13_49_46\\data_transformation\\transformed_object\\preprocessing.pkl', transformed_train_file_path='artifact\\07_29_2024_13_49_46\\data_transformation\\transformed\\train.npy', transformed_test_file_path='artifact\\07_29_2024_13_49_46\\data_transformation\\transformed\\test.npy')
[ 2024-07-29 14:01:02,101 ] 67 root - INFO - Entered the save_object method of MainUtils class
[ 2024-07-29 14:01:02,116 ] 71 root - INFO - Exited the save_object method of MainUtils class
[ 2024-07-29 14:01:02,117 ] 90 root - INFO - Model trainer artifact: ModelTrainerArtifact(trained_model_file_path='artifact\\07_29_2024_13_49_46\\model_trainer\\trained_model\\model.pkl', train_metric_artifact=ClassificationMetricArtifact(f1_score=np.float64(0.999982159741673), precision_score=np.float64(1.0), recall_score=np.float64(0.9999643201198843)), test_metric_artifact=ClassificationMetricArtifact(f1_score=np.float64(0.9769135532736144), precision_score=np.float64(0.9948086621180658), recall_score=np.float64(0.9596508799542137)))
[ 2024-07-29 14:01:03,214 ] 75 root - INFO - Model evaluation artifact: ModelEvaluationArtifact(is_model_accepted=True, improved_accuracy=None, best_model_path=None, trained_model_path='artifact\\07_29_2024_13_49_46\\model_trainer\\trained_model\\model.pkl', train_model_metric_artifact=ClassificationMetricArtifact(f1_score=np.float64(0.9769135532736144), precision_score=np.float64(0.9948086621180658), recall_score=np.float64(0.9596508799542137)), best_model_metric_artifact=None)
